# JRE version: Java(TM) SE Runtime Environment (7.0_80-b15) (build 1.7.0_80-b15)
# Java VM: Java HotSpot(TM) 64-Bit Server VM (24.80-b11 mixed mode linux-amd64 compressed oops)
Heap
 PSYoungGen      total 17920K, used 7299K [0x00000000ec600000, 0x00000000eda00000, 0x0000000100000000)
  eden space 15360K, 31% used [0x00000000ec600000,0x00000000ecaa8d78,0x00000000ed500000)
  from space 2560K, 98% used [0x00000000ed780000,0x00000000ed9f8070,0x00000000eda00000)
  to   space 2560K, 0% used [0x00000000ed500000,0x00000000ed500000,0x00000000ed780000)
 ParOldGen       total 39936K, used 5582K [0x00000000c5200000, 0x00000000c7900000, 0x00000000ec600000)
  object space 39936K, 13% used [0x00000000c5200000,0x00000000c5773978,0x00000000c7900000)
 PSPermGen       total 21504K, used 17472K [0x00000000c0000000, 0x00000000c1500000, 0x00000000c5200000)
  object space 21504K, 81% used [0x00000000c0000000,0x00000000c11102a0,0x00000000c1500000)
GC Heap History (4 events):
Event: 3.416 GC heap before
{Heap before GC invocations=1 (full 0):
 PSYoungGen      total 17920K, used 15300K [0x00000000ec600000, 0x00000000eda00000, 0x0000000100000000)
  eden space 15360K, 99% used [0x00000000ec600000,0x00000000ed4f12f0,0x00000000ed500000)
  from space 2560K, 0% used [0x00000000ed780000,0x00000000ed780000,0x00000000eda00000)
  to   space 2560K, 0% used [0x00000000ed500000,0x00000000ed500000,0x00000000ed780000)
 ParOldGen       total 39936K, used 0K [0x00000000c5200000, 0x00000000c7900000, 0x00000000ec600000)
  object space 39936K, 0% used [0x00000000c5200000,0x00000000c5200000,0x00000000c7900000)
 PSPermGen       total 21504K, used 15252K [0x00000000c0000000, 0x00000000c1500000, 0x00000000c5200000)
  object space 21504K, 70% used [0x00000000c0000000,0x00000000c0ee5320,0x00000000c1500000)
Event: 3.447 GC heap after
Heap after GC invocations=1 (full 0):
 PSYoungGen      total 17920K, used 2529K [0x00000000ec600000, 0x00000000eda00000, 0x0000000100000000)
  eden space 15360K, 0% used [0x00000000ec600000,0x00000000ec600000,0x00000000ed500000)
  from space 2560K, 98% used [0x00000000ed500000,0x00000000ed778440,0x00000000ed780000)
  to   space 2560K, 0% used [0x00000000ed780000,0x00000000ed780000,0x00000000eda00000)
 ParOldGen       total 39936K, used 1628K [0x00000000c5200000, 0x00000000c7900000, 0x00000000ec600000)
  object space 39936K, 4% used [0x00000000c5200000,0x00000000c53970e0,0x00000000c7900000)
 PSPermGen       total 21504K, used 15252K [0x00000000c0000000, 0x00000000c1500000, 0x00000000c5200000)
  object space 21504K, 70% used [0x00000000c0000000,0x00000000c0ee5320,0x00000000c1500000)
}
Event: 20.683 GC heap before
{Heap before GC invocations=2 (full 0):
 PSYoungGen      total 17920K, used 17889K [0x00000000ec600000, 0x00000000eda00000, 0x0000000100000000)
  eden space 15360K, 100% used [0x00000000ec600000,0x00000000ed500000,0x00000000ed500000)
  from space 2560K, 98% used [0x00000000ed500000,0x00000000ed778440,0x00000000ed780000)
  to   space 2560K, 0% used [0x00000000ed780000,0x00000000ed780000,0x00000000eda00000)
 ParOldGen       total 39936K, used 1628K [0x00000000c5200000, 0x00000000c7900000, 0x00000000ec600000)
  object space 39936K, 4% used [0x00000000c5200000,0x00000000c53970e0,0x00000000c7900000)
 PSPermGen       total 21504K, used 17417K [0x00000000c0000000, 0x00000000c1500000, 0x00000000c5200000)
  object space 21504K, 80% used [0x00000000c0000000,0x00000000c1102718,0x00000000c1500000)
Event: 20.707 GC heap after
Heap after GC invocations=2 (full 0):
 PSYoungGen      total 17920K, used 2528K [0x00000000ec600000, 0x00000000eda00000, 0x0000000100000000)
  eden space 15360K, 0% used [0x00000000ec600000,0x00000000ec600000,0x00000000ed500000)
  from space 2560K, 98% used [0x00000000ed780000,0x00000000ed9f8070,0x00000000eda00000)
  to   space 2560K, 0% used [0x00000000ed500000,0x00000000ed500000,0x00000000ed780000)
 ParOldGen       total 39936K, used 5582K [0x00000000c5200000, 0x00000000c7900000, 0x00000000ec600000)
  object space 39936K, 13% used [0x00000000c5200000,0x00000000c5773978,0x00000000c7900000)
 PSPermGen       total 21504K, used 17417K [0x00000000c0000000, 0x00000000c1500000, 0x00000000c5200000)
  object space 21504K, 80% used [0x00000000c0000000,0x00000000c1102718,0x00000000c1500000)
}

